d:\projects\genisys-3.4\bo1_mp\ps3_debug\cellprx_genisys_stub.a
d:\projects\genisys-3.4\bo1_mp\ps3_debug\genisys.sprx
c:\users\jayz_\appdata\local\temp\ps3ppuld102562\lib.ent.o
c:\users\jayz_\appdata\local\temp\ps3ppuld111882\lib.ent.o
c:\users\jayz_\appdata\local\temp\ps3ppuld80322\lib.ent.o
c:\users\jayz_\appdata\local\temp\ps3ppuld102562\genisys
c:\users\jayz_\appdata\local\temp\ps3ppuld111882\genisys
c:\users\jayz_\appdata\local\temp\ps3ppuld80322\genisys
c:\users\jayz_\appdata\local\temp\ps3ppuld102562\lib.ent.s
c:\users\jayz_\appdata\local\temp\ps3ppuld111882\lib.ent.s
c:\users\jayz_\appdata\local\temp\ps3ppuld80322\lib.ent.s
d:\projects\genisys-3.4\bo1_mp\ps3_debug\stdio_fix.o
d:\projects\genisys-3.4\bo1_mp\ps3_debug\aimassist_mp.o
d:\projects\genisys-3.4\bo1_mp\ps3_debug\auth.o
d:\projects\genisys-3.4\bo1_mp\ps3_debug\cheats_mp.o
d:\projects\genisys-3.4\bo1_mp\ps3_debug\console.o
d:\projects\genisys-3.4\bo1_mp\ps3_debug\detour.o
d:\projects\genisys-3.4\bo1_mp\ps3_debug\friends.o
d:\projects\genisys-3.4\bo1_mp\ps3_debug\functions.o
d:\projects\genisys-3.4\bo1_mp\ps3_debug\ini.o
d:\projects\genisys-3.4\bo1_mp\ps3_debug\menu.o
d:\projects\genisys-3.4\bo1_mp\ps3_debug\msg.o
d:\projects\genisys-3.4\bo1_mp\ps3_debug\npid.o
d:\projects\genisys-3.4\bo1_mp\ps3_debug\prx.o
d:\projects\genisys-3.4\bo1_mp\ps3_debug\sockets.o
d:\projects\genisys-3.4\bo1_mp\ps3_debug\trampoline.o
d:\projects\genisys-3.4\bo1_mp\ps3_debug\vector.o
d:\projects\genisys-3.4\bo1_mp\ps3_debug\visuals_mp.o
d:\projects\genisys-3.4\bo1_mp\ps3_debug\genisys.write.1.tlog
d:\projects\genisys-3.4\bo1_mp\ps3_debug\genisys.tlog\ps3ppuld64-make_fself.read.1.tlog
d:\projects\genisys-3.4\bo1_mp\ps3_debug\genisys.tlog\ps3ppuld64-make_fself.write.1.tlog
d:\projects\genisys-3.4\bo1_mp\ps3_debug\genisys.tlog\ps3ppuld64-ppu-lv2-as.read.1.tlog
d:\projects\genisys-3.4\bo1_mp\ps3_debug\genisys.tlog\ps3ppuld64-ppu-lv2-as.write.1.tlog
d:\projects\genisys-3.4\bo1_mp\ps3_debug\genisys.tlog\ps3ppuld64-ppu-lv2-prx-fixup.read.1.tlog
d:\projects\genisys-3.4\bo1_mp\ps3_debug\genisys.tlog\ps3ppuld64-ppu-lv2-prx-fixup.write.1.tlog
d:\projects\genisys-3.4\bo1_mp\ps3_debug\genisys.tlog\ps3ppuld64-ppu-lv2-prx-libgen.read.1.tlog
d:\projects\genisys-3.4\bo1_mp\ps3_debug\genisys.tlog\ps3ppuld64-ppu-lv2-prx-libgen.write.1.tlog
d:\projects\genisys-3.4\bo1_mp\ps3_debug\genisys.tlog\ps3ppuld64.command.1.tlog
d:\projects\genisys-3.4\bo1_mp\ps3_debug\genisys.tlog\ps3ppuld64.read.1.tlog
d:\projects\genisys-3.4\bo1_mp\ps3_debug\genisys.tlog\ps3ppuld64.write.1.tlog
d:\projects\genisys-3.4\bo1_mp\ps3_debug\genisys.tlog\ps3ppusnc.command.1.tlog
d:\projects\genisys-3.4\bo1_mp\ps3_debug\genisys.tlog\ps3ppusnc.read.1.tlog
d:\projects\genisys-3.4\bo1_mp\ps3_debug\genisys.tlog\ps3ppusnc.write.1.tlog
