d:\projects\genisys-3.4\bo1_mp\ps3_debug\cellprx_genisys_stub.a
d:\projects\genisys-3.4\bo1_mp\ps3_debug\genisys.sprx
c:\users\jayz_\appdata\local\temp\ps3ppuld267762\lib.ent.o
c:\users\jayz_\appdata\local\temp\ps3ppuld166682\lib.ent.o
c:\users\jayz_\appdata\local\temp\ps3ppuld191842\lib.ent.o
c:\users\jayz_\appdata\local\temp\ps3ppuld233482\lib.ent.o
c:\users\jayz_\appdata\local\temp\ps3ppuld252642\lib.ent.o
c:\users\jayz_\appdata\local\temp\ps3ppuld77242\lib.ent.o
c:\users\jayz_\appdata\local\temp\ps3ppuld234682\lib.ent.o
c:\users\jayz_\appdata\local\temp\ps3ppuld258522\lib.ent.o
c:\users\jayz_\appdata\local\temp\ps3ppuld250362\lib.ent.o
c:\users\jayz_\appdata\local\temp\ps3ppuld255122\lib.ent.o
c:\users\jayz_\appdata\local\temp\ps3ppuld63882\lib.ent.o
c:\users\jayz_\appdata\local\temp\ps3ppuld285802\lib.ent.o
c:\users\jayz_\appdata\local\temp\ps3ppuld269002\lib.ent.o
c:\users\jayz_\appdata\local\temp\ps3ppuld103882\lib.ent.o
c:\users\jayz_\appdata\local\temp\ps3ppuld22602\lib.ent.o
c:\users\jayz_\appdata\local\temp\ps3ppuld237042\lib.ent.o
c:\users\jayz_\appdata\local\temp\ps3ppuld195242\lib.ent.o
c:\users\jayz_\appdata\local\temp\ps3ppuld207562\lib.ent.o
c:\users\jayz_\appdata\local\temp\ps3ppuld274522\lib.ent.o
c:\users\jayz_\appdata\local\temp\ps3ppuld254722\lib.ent.o
c:\users\jayz_\appdata\local\temp\ps3ppuld87282\lib.ent.o
c:\users\jayz_\appdata\local\temp\ps3ppuld47082\lib.ent.o
c:\users\jayz_\appdata\local\temp\ps3ppuld210002\lib.ent.o
c:\users\jayz_\appdata\local\temp\ps3ppuld243442\lib.ent.o
c:\users\jayz_\appdata\local\temp\ps3ppuld224682\lib.ent.o
c:\users\jayz_\appdata\local\temp\ps3ppuld283082\lib.ent.o
c:\users\jayz_\appdata\local\temp\ps3ppuld284802\lib.ent.o
c:\users\jayz_\appdata\local\temp\ps3ppuld267762\genisys
c:\users\jayz_\appdata\local\temp\ps3ppuld166682\genisys
c:\users\jayz_\appdata\local\temp\ps3ppuld191842\genisys
c:\users\jayz_\appdata\local\temp\ps3ppuld233482\genisys
c:\users\jayz_\appdata\local\temp\ps3ppuld252642\genisys
c:\users\jayz_\appdata\local\temp\ps3ppuld77242\genisys
c:\users\jayz_\appdata\local\temp\ps3ppuld234682\genisys
c:\users\jayz_\appdata\local\temp\ps3ppuld258522\genisys
c:\users\jayz_\appdata\local\temp\ps3ppuld250362\genisys
c:\users\jayz_\appdata\local\temp\ps3ppuld255122\genisys
c:\users\jayz_\appdata\local\temp\ps3ppuld63882\genisys
c:\users\jayz_\appdata\local\temp\ps3ppuld285802\genisys
c:\users\jayz_\appdata\local\temp\ps3ppuld269002\genisys
c:\users\jayz_\appdata\local\temp\ps3ppuld103882\genisys
c:\users\jayz_\appdata\local\temp\ps3ppuld22602\genisys
c:\users\jayz_\appdata\local\temp\ps3ppuld237042\genisys
c:\users\jayz_\appdata\local\temp\ps3ppuld195242\genisys
c:\users\jayz_\appdata\local\temp\ps3ppuld207562\genisys
c:\users\jayz_\appdata\local\temp\ps3ppuld274522\genisys
c:\users\jayz_\appdata\local\temp\ps3ppuld254722\genisys
c:\users\jayz_\appdata\local\temp\ps3ppuld87282\genisys
c:\users\jayz_\appdata\local\temp\ps3ppuld47082\genisys
c:\users\jayz_\appdata\local\temp\ps3ppuld210002\genisys
c:\users\jayz_\appdata\local\temp\ps3ppuld243442\genisys
c:\users\jayz_\appdata\local\temp\ps3ppuld224682\genisys
c:\users\jayz_\appdata\local\temp\ps3ppuld283082\genisys
c:\users\jayz_\appdata\local\temp\ps3ppuld284802\genisys
c:\users\jayz_\appdata\local\temp\ps3ppuld267762\lib.ent.s
c:\users\jayz_\appdata\local\temp\ps3ppuld166682\lib.ent.s
c:\users\jayz_\appdata\local\temp\ps3ppuld191842\lib.ent.s
c:\users\jayz_\appdata\local\temp\ps3ppuld233482\lib.ent.s
c:\users\jayz_\appdata\local\temp\ps3ppuld252642\lib.ent.s
c:\users\jayz_\appdata\local\temp\ps3ppuld77242\lib.ent.s
c:\users\jayz_\appdata\local\temp\ps3ppuld234682\lib.ent.s
c:\users\jayz_\appdata\local\temp\ps3ppuld258522\lib.ent.s
c:\users\jayz_\appdata\local\temp\ps3ppuld250362\lib.ent.s
c:\users\jayz_\appdata\local\temp\ps3ppuld255122\lib.ent.s
c:\users\jayz_\appdata\local\temp\ps3ppuld63882\lib.ent.s
c:\users\jayz_\appdata\local\temp\ps3ppuld285802\lib.ent.s
c:\users\jayz_\appdata\local\temp\ps3ppuld269002\lib.ent.s
c:\users\jayz_\appdata\local\temp\ps3ppuld103882\lib.ent.s
c:\users\jayz_\appdata\local\temp\ps3ppuld22602\lib.ent.s
c:\users\jayz_\appdata\local\temp\ps3ppuld237042\lib.ent.s
c:\users\jayz_\appdata\local\temp\ps3ppuld195242\lib.ent.s
c:\users\jayz_\appdata\local\temp\ps3ppuld207562\lib.ent.s
c:\users\jayz_\appdata\local\temp\ps3ppuld274522\lib.ent.s
c:\users\jayz_\appdata\local\temp\ps3ppuld254722\lib.ent.s
c:\users\jayz_\appdata\local\temp\ps3ppuld87282\lib.ent.s
c:\users\jayz_\appdata\local\temp\ps3ppuld47082\lib.ent.s
c:\users\jayz_\appdata\local\temp\ps3ppuld210002\lib.ent.s
c:\users\jayz_\appdata\local\temp\ps3ppuld243442\lib.ent.s
c:\users\jayz_\appdata\local\temp\ps3ppuld224682\lib.ent.s
c:\users\jayz_\appdata\local\temp\ps3ppuld283082\lib.ent.s
c:\users\jayz_\appdata\local\temp\ps3ppuld284802\lib.ent.s
d:\projects\genisys-3.4\bo1_mp\ps3_debug\aimassist_mp.o
d:\projects\genisys-3.4\bo1_mp\ps3_debug\auth.o
d:\projects\genisys-3.4\bo1_mp\ps3_debug\cheats_mp.o
d:\projects\genisys-3.4\bo1_mp\ps3_debug\console.o
d:\projects\genisys-3.4\bo1_mp\ps3_debug\detour.o
d:\projects\genisys-3.4\bo1_mp\ps3_debug\friends.o
d:\projects\genisys-3.4\bo1_mp\ps3_debug\functions.o
d:\projects\genisys-3.4\bo1_mp\ps3_debug\ini.o
d:\projects\genisys-3.4\bo1_mp\ps3_debug\menu.o
d:\projects\genisys-3.4\bo1_mp\ps3_debug\msg.o
d:\projects\genisys-3.4\bo1_mp\ps3_debug\npid.o
d:\projects\genisys-3.4\bo1_mp\ps3_debug\prx.o
d:\projects\genisys-3.4\bo1_mp\ps3_debug\sockets.o
d:\projects\genisys-3.4\bo1_mp\ps3_debug\stdio_fix.o
d:\projects\genisys-3.4\bo1_mp\ps3_debug\trampoline.o
d:\projects\genisys-3.4\bo1_mp\ps3_debug\vector.o
d:\projects\genisys-3.4\bo1_mp\ps3_debug\visuals_mp.o
d:\projects\genisys-3.4\bo1_mp\ps3_debug\genisys.write.1.tlog
d:\projects\genisys-3.4\bo1_mp\ps3_debug\genisys.tlog\ps3ppuld64-make_fself.read.1.tlog
d:\projects\genisys-3.4\bo1_mp\ps3_debug\genisys.tlog\ps3ppuld64-make_fself.write.1.tlog
d:\projects\genisys-3.4\bo1_mp\ps3_debug\genisys.tlog\ps3ppuld64-ppu-lv2-as.read.1.tlog
d:\projects\genisys-3.4\bo1_mp\ps3_debug\genisys.tlog\ps3ppuld64-ppu-lv2-as.write.1.tlog
d:\projects\genisys-3.4\bo1_mp\ps3_debug\genisys.tlog\ps3ppuld64-ppu-lv2-prx-fixup.read.1.tlog
d:\projects\genisys-3.4\bo1_mp\ps3_debug\genisys.tlog\ps3ppuld64-ppu-lv2-prx-fixup.write.1.tlog
d:\projects\genisys-3.4\bo1_mp\ps3_debug\genisys.tlog\ps3ppuld64-ppu-lv2-prx-libgen.read.1.tlog
d:\projects\genisys-3.4\bo1_mp\ps3_debug\genisys.tlog\ps3ppuld64-ppu-lv2-prx-libgen.write.1.tlog
d:\projects\genisys-3.4\bo1_mp\ps3_debug\genisys.tlog\ps3ppuld64.command.1.tlog
d:\projects\genisys-3.4\bo1_mp\ps3_debug\genisys.tlog\ps3ppuld64.read.1.tlog
d:\projects\genisys-3.4\bo1_mp\ps3_debug\genisys.tlog\ps3ppuld64.write.1.tlog
d:\projects\genisys-3.4\bo1_mp\ps3_debug\genisys.tlog\ps3ppusnc.command.1.tlog
d:\projects\genisys-3.4\bo1_mp\ps3_debug\genisys.tlog\ps3ppusnc.read.1.tlog
d:\projects\genisys-3.4\bo1_mp\ps3_debug\genisys.tlog\ps3ppusnc.write.1.tlog
